<?xml version="1.0" encoding="UTF-8"?>
<!-- Generated by org.testng.reporters.JUnitReportReporter -->
<testsuite hostname="TYSS-Chethan-Kumar" failures="0" tests="2" name="com.demowebshop.testscripts.TC003_VerifyUsrIsAbleToAddProductsToCartAndRemoveTest" time="21.081" errors="0" timestamp="2024-01-29T14:16:59 IST" skipped="0">
  <testcase classname="com.demowebshop.testscripts.TC003_VerifyUsrIsAbleToAddProductsToCartAndRemoveTest" name="addProductToWishList" time="9.998"/>
  <system-out>
    <![CDATA[Digital Downloads Page Is Displayed
Shopping Cart Page Is Displayed
All Added Products are displayed
All Added Products are removed from Cart]]>
  </system-out>
  <testcase classname="com.demowebshop.testscripts.TC003_VerifyUsrIsAbleToAddProductsToCartAndRemoveTest" name="addProductToWishList" time="11.083"/>
  <system-out>
    <![CDATA[Digital Downloads Page Is Displayed
Shopping Cart Page Is Displayed
All Added Products are displayed
All Added Products are removed from Cart]]>
  </system-out>
</testsuite> <!-- com.demowebshop.testscripts.TC003_VerifyUsrIsAbleToAddProductsToCartAndRemoveTest -->
