<?xml version="1.0" encoding="UTF-8"?>
<!-- Generated by org.testng.reporters.JUnitReportReporter -->
<testsuite hostname="TYSS-Chethan-Kumar" failures="0" tests="1" name="com.demowebshop.testscripts.TC002_VerifyUsrIsAbleToAddProductToWishListAndRemoveTest" time="5.325" errors="0" timestamp="2024-01-29T12:59:11 IST" skipped="0">
  <testcase classname="com.demowebshop.testscripts.TC002_VerifyUsrIsAbleToAddProductToWishListAndRemoveTest" name="addProductToWishList" time="5.325"/>
  <system-out>
    <![CDATA[Books Page Is Displayed
Wish List Page is Displayed
Added Product is displayed in wish List
Added Product is removed]]>
  </system-out>
</testsuite> <!-- com.demowebshop.testscripts.TC002_VerifyUsrIsAbleToAddProductToWishListAndRemoveTest -->
