<?xml version="1.0" encoding="UTF-8"?>
<!-- Generated by org.testng.reporters.JUnitReportReporter -->
<testsuite hostname="TYSS-Chethan-Kumar" failures="0" tests="4" name="com.demowebshop.testscripts.TC001_VerifyThatUserIsAbleToRegisterTest" time="26.638" errors="0" timestamp="2024-01-29T12:59:11 IST" skipped="0">
  <testcase classname="com.demowebshop.testscripts.TC001_VerifyThatUserIsAbleToRegisterTest" name="register" time="6.201"/>
  <system-out>
    <![CDATA[Home Page is Displayed
Register Page is Displayed
User Registeredm successfully]]>
  </system-out>
  <testcase classname="com.demowebshop.testscripts.TC001_VerifyThatUserIsAbleToRegisterTest" name="register" time="6.487"/>
  <system-out>
    <![CDATA[Home Page is Displayed
Register Page is Displayed
User Registeredm successfully]]>
  </system-out>
  <testcase classname="com.demowebshop.testscripts.TC001_VerifyThatUserIsAbleToRegisterTest" name="register" time="7.934"/>
  <system-out>
    <![CDATA[Home Page is Displayed
Register Page is Displayed
User Registeredm successfully]]>
  </system-out>
  <testcase classname="com.demowebshop.testscripts.TC001_VerifyThatUserIsAbleToRegisterTest" name="register" time="6.016"/>
  <system-out>
    <![CDATA[Home Page is Displayed
Register Page is Displayed
User Registeredm successfully]]>
  </system-out>
</testsuite> <!-- com.demowebshop.testscripts.TC001_VerifyThatUserIsAbleToRegisterTest -->
