<?xml version="1.0" encoding="UTF-8"?>
<!-- Generated by org.testng.reporters.JUnitReportReporter -->
<testsuite hostname="TYSS-Chethan-Kumar" failures="0" tests="4" name="com.demowebshop.testscripts.TC001_VerifyThatUserIsAbleToRegister" time="30.235" errors="0" timestamp="2024-01-24T10:19:21 IST" skipped="0">
  <testcase classname="com.demowebshop.testscripts.TC001_VerifyThatUserIsAbleToRegister" name="register" time="6.539"/>
  <system-out>
    <![CDATA[Home Page is Displayed
Register Page is Displayed
User Registeredm successfully]]>
  </system-out>
  <testcase classname="com.demowebshop.testscripts.TC001_VerifyThatUserIsAbleToRegister" name="register" time="7.697"/>
  <system-out>
    <![CDATA[Home Page is Displayed
Register Page is Displayed
User Registeredm successfully]]>
  </system-out>
  <testcase classname="com.demowebshop.testscripts.TC001_VerifyThatUserIsAbleToRegister" name="register" time="7.323"/>
  <system-out>
    <![CDATA[Home Page is Displayed
Register Page is Displayed
User Registeredm successfully]]>
  </system-out>
  <testcase classname="com.demowebshop.testscripts.TC001_VerifyThatUserIsAbleToRegister" name="register" time="8.676"/>
  <system-out>
    <![CDATA[Home Page is Displayed
Register Page is Displayed
User Registeredm successfully]]>
  </system-out>
</testsuite> <!-- com.demowebshop.testscripts.TC001_VerifyThatUserIsAbleToRegister -->
