<?xml version="1.0" encoding="UTF-8"?>
<!-- Generated by org.testng.reporters.JUnitReportReporter -->
<testsuite hostname="TYSS-Chethan-Kumar" failures="0" tests="4" name="com.demowebshop.testscripts.TC001_VerifyUserIsAbleToRegister" time="27.896" errors="0" timestamp="2024-01-23T13:18:57 IST" skipped="0">
  <testcase classname="com.demowebshop.testscripts.TC001_VerifyUserIsAbleToRegister" name="registerTestCase" time="6.792"/>
  <system-out>
    <![CDATA[Home Page is Displayed
Register Page is Displayed
User registered successfully]]>
  </system-out>
  <testcase classname="com.demowebshop.testscripts.TC001_VerifyUserIsAbleToRegister" name="registerTestCase" time="7.369"/>
  <system-out>
    <![CDATA[Home Page is Displayed
Register Page is Displayed
User registered successfully]]>
  </system-out>
  <testcase classname="com.demowebshop.testscripts.TC001_VerifyUserIsAbleToRegister" name="registerTestCase" time="6.610"/>
  <system-out>
    <![CDATA[Home Page is Displayed
Register Page is Displayed
User registered successfully]]>
  </system-out>
  <testcase classname="com.demowebshop.testscripts.TC001_VerifyUserIsAbleToRegister" name="registerTestCase" time="7.125"/>
  <system-out>
    <![CDATA[Home Page is Displayed
Register Page is Displayed
User registered successfully]]>
  </system-out>
</testsuite> <!-- com.demowebshop.testscripts.TC001_VerifyUserIsAbleToRegister -->
