<?xml version="1.0" encoding="UTF-8"?>
<!-- Generated by org.testng.reporters.JUnitReportReporter -->
<testsuite hostname="TYSS-Chethan-Kumar" failures="0" tests="8" name="com.demowebshop.testscripts.TC001_VerifyThatUserIsAbleToRegisterTest" time="79.053" errors="0" timestamp="2024-01-29T14:16:59 IST" skipped="0">
  <testcase classname="com.demowebshop.testscripts.TC001_VerifyThatUserIsAbleToRegisterTest" name="register" time="13.640"/>
  <system-out>
    <![CDATA[Home Page is Displayed
Register Page is Displayed
User Registeredm successfully]]>
  </system-out>
  <testcase classname="com.demowebshop.testscripts.TC001_VerifyThatUserIsAbleToRegisterTest" name="register" time="8.142"/>
  <system-out>
    <![CDATA[Home Page is Displayed
Register Page is Displayed
User Registeredm successfully]]>
  </system-out>
  <testcase classname="com.demowebshop.testscripts.TC001_VerifyThatUserIsAbleToRegisterTest" name="register" time="12.051"/>
  <system-out>
    <![CDATA[Home Page is Displayed
Register Page is Displayed
User Registeredm successfully]]>
  </system-out>
  <testcase classname="com.demowebshop.testscripts.TC001_VerifyThatUserIsAbleToRegisterTest" name="register" time="6.630"/>
  <system-out>
    <![CDATA[Home Page is Displayed
Register Page is Displayed
User Registeredm successfully]]>
  </system-out>
  <testcase classname="com.demowebshop.testscripts.TC001_VerifyThatUserIsAbleToRegisterTest" name="register" time="12.872"/>
  <system-out>
    <![CDATA[Home Page is Displayed
Register Page is Displayed
User Registeredm successfully]]>
  </system-out>
  <testcase classname="com.demowebshop.testscripts.TC001_VerifyThatUserIsAbleToRegisterTest" name="register" time="6.467"/>
  <system-out>
    <![CDATA[Home Page is Displayed
Register Page is Displayed
User Registeredm successfully]]>
  </system-out>
  <testcase classname="com.demowebshop.testscripts.TC001_VerifyThatUserIsAbleToRegisterTest" name="register" time="11.315"/>
  <system-out>
    <![CDATA[Home Page is Displayed
Register Page is Displayed
User Registeredm successfully]]>
  </system-out>
  <testcase classname="com.demowebshop.testscripts.TC001_VerifyThatUserIsAbleToRegisterTest" name="register" time="7.936"/>
  <system-out>
    <![CDATA[Home Page is Displayed
Register Page is Displayed
User Registeredm successfully]]>
  </system-out>
</testsuite> <!-- com.demowebshop.testscripts.TC001_VerifyThatUserIsAbleToRegisterTest -->
