<?xml version="1.0" encoding="UTF-8"?>
<!-- Generated by org.testng.reporters.JUnitReportReporter -->
<testsuite hostname="TYSS-Chethan-Kumar" failures="0" tests="1" name="com.demowebshop.testscripts.TC003_VerifyUsrIsAbleToAddProductsToCartAndRemove" time="8.495" errors="0" timestamp="2024-01-24T10:19:21 IST" skipped="0">
  <testcase classname="com.demowebshop.testscripts.TC003_VerifyUsrIsAbleToAddProductsToCartAndRemove" name="addProductToWishList" time="8.495"/>
  <system-out>
    <![CDATA[Digital Downloads Page Is Displayed
Shopping Cart Page Is Displayed
All Added Products are displayed
All Added Products are removed from Cart]]>
  </system-out>
</testsuite> <!-- com.demowebshop.testscripts.TC003_VerifyUsrIsAbleToAddProductsToCartAndRemove -->
