<?xml version="1.0" encoding="UTF-8"?>
<!-- Generated by org.testng.reporters.JUnitReportReporter -->
<testsuite hostname="TYSS-Chethan-Kumar" failures="0" tests="1" name="com.demowebshop.testscripts.ExtentReportCreation" time="0.533" errors="0" timestamp="2024-01-29T10:10:20 IST" skipped="0">
  <testcase classname="com.demowebshop.testscripts.ExtentReportCreation" name="report" time="0.533"/>
  <system-out/>
</testsuite> <!-- com.demowebshop.testscripts.ExtentReportCreation -->
